<?xml version="1.0" encoding="UTF-8"?>
<!-- Generated by org.testng.reporters.JUnitXMLReporter -->
<testsuite ignored="0" hostname="B122754-LT1" failures="1" tests="1" name="Run on CHROME browser" time="2.371" errors="0" timestamp="17 Jul 2023 13:31:01 GMT">
  <testcase classname="testng.Topic_05_Multiple_Browser" name="@BeforeClass beforeClass" time="2.338">
    <failure type="org.openqa.selenium.SessionNotCreatedException" message="session not created: This version of ChromeDriver only supports Chrome version 106
Current browser version is 114.0.5735.199 with binary path C:\Program Files\Google\Chrome\Application\chrome.exe
Build info: version: &amp;apos;3.141.59&amp;apos;, revision: &amp;apos;e82be7d358&amp;apos;, time: &amp;apos;2018-11-14T08:25:53&amp;apos;
System info: host: &amp;apos;B122754-LT1&amp;apos;, ip: &amp;apos;192.168.1.16&amp;apos;, os.name: &amp;apos;Windows 10&amp;apos;, os.arch: &amp;apos;amd64&amp;apos;, os.version: &amp;apos;10.0&amp;apos;, java.version: &amp;apos;17.0.3&amp;apos;
Driver info: driver.version: ChromeDriver
remote stacktrace: Backtrace:
	Ordinal0 [0x00791ED3+2236115]
	Ordinal0 [0x007292F1+1807089]
	Ordinal0 [0x006366FD+812797]
	Ordinal0 [0x00658C6D+953453]
	Ordinal0 [0x00654200+934400]
	Ordinal0 [0x006519C9+924105]
	Ordinal0 [0x0068806C+1146988]
	Ordinal0 [0x00687A6A+1145450]
	Ordinal0 [0x006818A6+1120422]
	Ordinal0 [0x0065A73D+960317]
	Ordinal0 [0x0065B71F+964383]
	GetHandleVerifier [0x00A3E7E2+2743074]
	GetHandleVerifier [0x00A308D4+2685972]
	GetHandleVerifier [0x00822BAA+532202]
	GetHandleVerifier [0x00821990+527568]
	Ordinal0 [0x0073080C+1837068]
	Ordinal0 [0x00734CD8+1854680]
	Ordinal0 [0x00734DC5+1854917]
	Ordinal0 [0x0073ED64+1895780]
	BaseThreadInitThunk [0x779D00C9+25]
	RtlGetAppContainerNamedObjectPath [0x77BD7B4E+286]
	RtlGetAppContainerNamedObjectPath [0x77BD7B1E+238]
">
      <![CDATA[org.openqa.selenium.SessionNotCreatedException: session not created: This version of ChromeDriver only supports Chrome version 106
Current browser version is 114.0.5735.199 with binary path C:\Program Files\Google\Chrome\Application\chrome.exe
Build info: version: '3.141.59', revision: 'e82be7d358', time: '2018-11-14T08:25:53'
System info: host: 'B122754-LT1', ip: '192.168.1.16', os.name: 'Windows 10', os.arch: 'amd64', os.version: '10.0', java.version: '17.0.3'
Driver info: driver.version: ChromeDriver
remote stacktrace: Backtrace:
Ordinal0 [0x00791ED3+2236115]
Ordinal0 [0x007292F1+1807089]
Ordinal0 [0x006366FD+812797]
Ordinal0 [0x00658C6D+953453]
Ordinal0 [0x00654200+934400]
Ordinal0 [0x006519C9+924105]
Ordinal0 [0x0068806C+1146988]
Ordinal0 [0x00687A6A+1145450]
Ordinal0 [0x006818A6+1120422]
Ordinal0 [0x0065A73D+960317]
Ordinal0 [0x0065B71F+964383]
GetHandleVerifier [0x00A3E7E2+2743074]
GetHandleVerifier [0x00A308D4+2685972]
GetHandleVerifier [0x00822BAA+532202]
GetHandleVerifier [0x00821990+527568]
Ordinal0 [0x0073080C+1837068]
Ordinal0 [0x00734CD8+1854680]
Ordinal0 [0x00734DC5+1854917]
Ordinal0 [0x0073ED64+1895780]
BaseThreadInitThunk [0x779D00C9+25]
RtlGetAppContainerNamedObjectPath [0x77BD7B4E+286]
RtlGetAppContainerNamedObjectPath [0x77BD7B1E+238]

at org.openqa.selenium.remote.W3CHandshakeResponse.lambda$errorHandler$0(W3CHandshakeResponse.java:62)
at org.openqa.selenium.remote.HandshakeResponse.lambda$getResponseFunction$0(HandshakeResponse.java:30)
at org.openqa.selenium.remote.ProtocolHandshake.lambda$createSession$0(ProtocolHandshake.java:126)
at java.base/java.util.stream.ReferencePipeline$3$1.accept(ReferencePipeline.java:197)
at java.base/java.util.Spliterators$ArraySpliterator.tryAdvance(Spliterators.java:1002)
at java.base/java.util.stream.ReferencePipeline.forEachWithCancel(ReferencePipeline.java:129)
at java.base/java.util.stream.AbstractPipeline.copyIntoWithCancel(AbstractPipeline.java:527)
at java.base/java.util.stream.AbstractPipeline.copyInto(AbstractPipeline.java:513)
at java.base/java.util.stream.AbstractPipeline.wrapAndCopyInto(AbstractPipeline.java:499)
at java.base/java.util.stream.FindOps$FindOp.evaluateSequential(FindOps.java:150)
at java.base/java.util.stream.AbstractPipeline.evaluate(AbstractPipeline.java:234)
at java.base/java.util.stream.ReferencePipeline.findFirst(ReferencePipeline.java:647)
at org.openqa.selenium.remote.ProtocolHandshake.createSession(ProtocolHandshake.java:128)
at org.openqa.selenium.remote.ProtocolHandshake.createSession(ProtocolHandshake.java:74)
at org.openqa.selenium.remote.HttpCommandExecutor.execute(HttpCommandExecutor.java:136)
at org.openqa.selenium.remote.service.DriverCommandExecutor.execute(DriverCommandExecutor.java:83)
at org.openqa.selenium.remote.RemoteWebDriver.execute(RemoteWebDriver.java:552)
at org.openqa.selenium.remote.RemoteWebDriver.startSession(RemoteWebDriver.java:213)
at org.openqa.selenium.remote.RemoteWebDriver.<init>(RemoteWebDriver.java:131)
at org.openqa.selenium.chrome.ChromeDriver.<init>(ChromeDriver.java:181)
at org.openqa.selenium.chrome.ChromeDriver.<init>(ChromeDriver.java:168)
at org.openqa.selenium.chrome.ChromeDriver.<init>(ChromeDriver.java:123)
at testng.Topic_05_Multiple_Browser.beforeClass(Topic_05_Multiple_Browser.java:33)
... Removed 31 stack frames]]>
    </failure>
  </testcase> <!-- @BeforeClass beforeClass -->
  <testcase classname="testng.Topic_05_Multiple_Browser" name="@AfterClass afterClass" time="0.0">
    <skipped/>
  </testcase> <!-- @AfterClass afterClass -->
  <testcase classname="testng.Topic_05_Multiple_Browser" name="TC_01_Login_To_System" time="0.0">
    <failure type="org.testng.TestNGException" message="
Cannot inject @Test annotated Method [TC_01_Login_To_System] with [class java.lang.String, class java.lang.String].
For more information on native dependency injection please refer to http://testng.org/doc/documentation-main.html#native-dependency-injection">
      <![CDATA[org.testng.TestNGException: 
Cannot inject @Test annotated Method [TC_01_Login_To_System] with [class java.lang.String, class java.lang.String].
For more information on native dependency injection please refer to http://testng.org/doc/documentation-main.html#native-dependency-injection
... Removed 24 stack frames]]>
    </failure>
  </testcase> <!-- TC_01_Login_To_System -->
</testsuite> <!-- Run on CHROME browser -->
