<?xml version="1.0" encoding="UTF-8"?>
<!-- Generated by org.testng.reporters.JUnitXMLReporter -->
<testsuite ignored="0" hostname="B122754-LT1" failures="1" tests="1" name="Run on EDGE browser" time="1.314" errors="0" timestamp="17 Jul 2023 13:31:08 GMT">
  <testcase classname="testng.Topic_05_Multiple_Browser" name="@BeforeClass beforeClass" time="1.297">
    <failure type="org.openqa.selenium.SessionNotCreatedException" message="session not created: This version of Microsoft Edge WebDriver only supports Microsoft Edge version 107
Current browser version is 114.0.1823.82 with binary path C:\Program Files (x86)\Microsoft\Edge\Application\msedge.exe
Build info: version: &amp;apos;3.141.59&amp;apos;, revision: &amp;apos;e82be7d358&amp;apos;, time: &amp;apos;2018-11-14T08:25:53&amp;apos;
System info: host: &amp;apos;B122754-LT1&amp;apos;, ip: &amp;apos;192.168.1.16&amp;apos;, os.name: &amp;apos;Windows 10&amp;apos;, os.arch: &amp;apos;amd64&amp;apos;, os.version: &amp;apos;10.0&amp;apos;, java.version: &amp;apos;17.0.3&amp;apos;
Driver info: driver.version: EdgeDriver
remote stacktrace: Backtrace:
	Microsoft::Applications::Events::EventProperties::SetProperty [0x00007FF7C27F8592+9986]
	Microsoft::Applications::Events::EventProperty::EventProperty [0x00007FF7C2795DC2+1445298]
	Ordinal0 [0x00007FF7C237FC8C+654476]
	Ordinal0 [0x00007FF7C23B1811+858129]
	Ordinal0 [0x00007FF7C23AC50E+836878]
	Ordinal0 [0x00007FF7C23A7992+817554]
	Ordinal0 [0x00007FF7C23EB7C0+1095616]
	Ordinal0 [0x00007FF7C23EAB48+1092424]
	Ordinal0 [0x00007FF7C23E39B3+1063347]
	Ordinal0 [0x00007FF7C23B506A+872554]
	Ordinal0 [0x00007FF7C23B402E+868398]
	Ordinal0 [0x00007FF7C23B570F+874255]
	Microsoft::Applications::Events::EventProperty::EventProperty [0x00007FF7C2656108+135416]
	Microsoft::Applications::Events::EventProperty::EventProperty [0x00007FF7C26402CF+45759]
	Microsoft::Applications::Events::EventProperty::EventProperty [0x00007FF7C264374C+59196]
	Ordinal0 [0x00007FF7C248B1F4+1749492]
	Microsoft::Applications::Events::EventProperty::EventProperty [0x00007FF7C279B6BA+1468074]
	Microsoft::Applications::Events::EventProperty::EventProperty [0x00007FF7C279FF54+1486660]
	Microsoft::Applications::Events::EventProperty::EventProperty [0x00007FF7C27A00AD+1487005]
	Microsoft::Applications::Events::EventProperty::EventProperty [0x00007FF7C27A7E6B+1519195]
	BaseThreadInitThunk [0x00007FFD86C17614+20]
	RtlUserThreadStart [0x00007FFD872226F1+33]
">
      <![CDATA[org.openqa.selenium.SessionNotCreatedException: session not created: This version of Microsoft Edge WebDriver only supports Microsoft Edge version 107
Current browser version is 114.0.1823.82 with binary path C:\Program Files (x86)\Microsoft\Edge\Application\msedge.exe
Build info: version: '3.141.59', revision: 'e82be7d358', time: '2018-11-14T08:25:53'
System info: host: 'B122754-LT1', ip: '192.168.1.16', os.name: 'Windows 10', os.arch: 'amd64', os.version: '10.0', java.version: '17.0.3'
Driver info: driver.version: EdgeDriver
remote stacktrace: Backtrace:
Microsoft::Applications::Events::EventProperties::SetProperty [0x00007FF7C27F8592+9986]
Microsoft::Applications::Events::EventProperty::EventProperty [0x00007FF7C2795DC2+1445298]
Ordinal0 [0x00007FF7C237FC8C+654476]
Ordinal0 [0x00007FF7C23B1811+858129]
Ordinal0 [0x00007FF7C23AC50E+836878]
Ordinal0 [0x00007FF7C23A7992+817554]
Ordinal0 [0x00007FF7C23EB7C0+1095616]
Ordinal0 [0x00007FF7C23EAB48+1092424]
Ordinal0 [0x00007FF7C23E39B3+1063347]
Ordinal0 [0x00007FF7C23B506A+872554]
Ordinal0 [0x00007FF7C23B402E+868398]
Ordinal0 [0x00007FF7C23B570F+874255]
Microsoft::Applications::Events::EventProperty::EventProperty [0x00007FF7C2656108+135416]
Microsoft::Applications::Events::EventProperty::EventProperty [0x00007FF7C26402CF+45759]
Microsoft::Applications::Events::EventProperty::EventProperty [0x00007FF7C264374C+59196]
Ordinal0 [0x00007FF7C248B1F4+1749492]
Microsoft::Applications::Events::EventProperty::EventProperty [0x00007FF7C279B6BA+1468074]
Microsoft::Applications::Events::EventProperty::EventProperty [0x00007FF7C279FF54+1486660]
Microsoft::Applications::Events::EventProperty::EventProperty [0x00007FF7C27A00AD+1487005]
Microsoft::Applications::Events::EventProperty::EventProperty [0x00007FF7C27A7E6B+1519195]
BaseThreadInitThunk [0x00007FFD86C17614+20]
RtlUserThreadStart [0x00007FFD872226F1+33]

at org.openqa.selenium.remote.W3CHandshakeResponse.lambda$errorHandler$0(W3CHandshakeResponse.java:62)
at org.openqa.selenium.remote.HandshakeResponse.lambda$getResponseFunction$0(HandshakeResponse.java:30)
at org.openqa.selenium.remote.ProtocolHandshake.lambda$createSession$0(ProtocolHandshake.java:126)
at java.base/java.util.stream.ReferencePipeline$3$1.accept(ReferencePipeline.java:197)
at java.base/java.util.Spliterators$ArraySpliterator.tryAdvance(Spliterators.java:1002)
at java.base/java.util.stream.ReferencePipeline.forEachWithCancel(ReferencePipeline.java:129)
at java.base/java.util.stream.AbstractPipeline.copyIntoWithCancel(AbstractPipeline.java:527)
at java.base/java.util.stream.AbstractPipeline.copyInto(AbstractPipeline.java:513)
at java.base/java.util.stream.AbstractPipeline.wrapAndCopyInto(AbstractPipeline.java:499)
at java.base/java.util.stream.FindOps$FindOp.evaluateSequential(FindOps.java:150)
at java.base/java.util.stream.AbstractPipeline.evaluate(AbstractPipeline.java:234)
at java.base/java.util.stream.ReferencePipeline.findFirst(ReferencePipeline.java:647)
at org.openqa.selenium.remote.ProtocolHandshake.createSession(ProtocolHandshake.java:128)
at org.openqa.selenium.remote.ProtocolHandshake.createSession(ProtocolHandshake.java:74)
at org.openqa.selenium.remote.HttpCommandExecutor.execute(HttpCommandExecutor.java:136)
at org.openqa.selenium.remote.service.DriverCommandExecutor.execute(DriverCommandExecutor.java:83)
at org.openqa.selenium.remote.RemoteWebDriver.execute(RemoteWebDriver.java:552)
at org.openqa.selenium.remote.RemoteWebDriver.startSession(RemoteWebDriver.java:213)
at org.openqa.selenium.remote.RemoteWebDriver.<init>(RemoteWebDriver.java:131)
at org.openqa.selenium.edge.EdgeDriver.<init>(EdgeDriver.java:141)
at org.openqa.selenium.edge.EdgeDriver.<init>(EdgeDriver.java:96)
at testng.Topic_05_Multiple_Browser.beforeClass(Topic_05_Multiple_Browser.java:45)
... Removed 31 stack frames]]>
    </failure>
  </testcase> <!-- @BeforeClass beforeClass -->
  <testcase classname="testng.Topic_05_Multiple_Browser" name="@AfterClass afterClass" time="0.0">
    <skipped/>
  </testcase> <!-- @AfterClass afterClass -->
  <testcase classname="testng.Topic_05_Multiple_Browser" name="TC_01_Login_To_System" time="0.0">
    <failure type="org.testng.TestNGException" message="
Cannot inject @Test annotated Method [TC_01_Login_To_System] with [class java.lang.String, class java.lang.String].
For more information on native dependency injection please refer to http://testng.org/doc/documentation-main.html#native-dependency-injection">
      <![CDATA[org.testng.TestNGException: 
Cannot inject @Test annotated Method [TC_01_Login_To_System] with [class java.lang.String, class java.lang.String].
For more information on native dependency injection please refer to http://testng.org/doc/documentation-main.html#native-dependency-injection
... Removed 24 stack frames]]>
    </failure>
  </testcase> <!-- TC_01_Login_To_System -->
</testsuite> <!-- Run on EDGE browser -->
